<?xml version="1.0" encoding="UTF-8"?>
<coverage generated="1557846140343" clover="3.2.0">
  <project timestamp="1557846140343" name="All files">
    <metrics statements="83" coveredstatements="69" conditionals="52" coveredconditionals="43" methods="22" coveredmethods="17" elements="157" coveredelements="129" complexity="0" loc="83" ncloc="83" packages="3" files="5" classes="5"/>
    <package name="src">
      <metrics statements="47" coveredstatements="33" conditionals="18" coveredconditionals="9" methods="15" coveredmethods="10"/>
      <file name="default_options.js" path="/Users/michaelhottman/pana/packages/necto/src/default_options.js">
        <metrics statements="1" coveredstatements="1" conditionals="0" coveredconditionals="0" methods="1" coveredmethods="1"/>
        <line num="1" count="17" type="stmt"/>
      </file>
      <file name="necto.js" path="/Users/michaelhottman/pana/packages/necto/src/necto.js">
        <metrics statements="46" coveredstatements="32" conditionals="18" coveredconditionals="9" methods="14" coveredmethods="9"/>
        <line num="12" count="17" type="stmt"/>
        <line num="13" count="17" type="stmt"/>
        <line num="15" count="17" type="stmt"/>
        <line num="17" count="17" type="stmt"/>
        <line num="18" count="17" type="stmt"/>
        <line num="19" count="17" type="stmt"/>
        <line num="20" count="17" type="stmt"/>
        <line num="21" count="17" type="stmt"/>
        <line num="23" count="17" type="stmt"/>
        <line num="24" count="17" type="cond" truecount="1" falsecount="1"/>
        <line num="26" count="17" type="stmt"/>
        <line num="27" count="0" type="stmt"/>
        <line num="34" count="15" type="stmt"/>
        <line num="35" count="15" type="stmt"/>
        <line num="36" count="15" type="stmt"/>
        <line num="37" count="15" type="stmt"/>
        <line num="38" count="15" type="stmt"/>
        <line num="42" count="0" type="stmt"/>
        <line num="43" count="0" type="stmt"/>
        <line num="46" count="0" type="stmt"/>
        <line num="50" count="0" type="cond" truecount="0" falsecount="2"/>
        <line num="51" count="0" type="stmt"/>
        <line num="56" count="0" type="cond" truecount="0" falsecount="2"/>
        <line num="57" count="0" type="stmt"/>
        <line num="62" count="0" type="stmt"/>
        <line num="68" count="0" type="stmt"/>
        <line num="69" count="0" type="stmt"/>
        <line num="70" count="0" type="stmt"/>
        <line num="71" count="0" type="stmt"/>
        <line num="73" count="0" type="stmt"/>
        <line num="77" count="1" type="stmt"/>
        <line num="84" count="17" type="stmt"/>
        <line num="89" count="17" type="cond" truecount="1" falsecount="1"/>
        <line num="90" count="17" type="stmt"/>
        <line num="96" count="17" type="stmt"/>
        <line num="101" count="17" type="stmt"/>
        <line num="102" count="17" type="cond" truecount="1" falsecount="1"/>
        <line num="105" count="16" type="stmt"/>
        <line num="113" count="15" type="cond" truecount="1" falsecount="1"/>
        <line num="114" count="15" type="stmt"/>
        <line num="120" count="15" type="cond" truecount="1" falsecount="1"/>
        <line num="121" count="15" type="stmt"/>
        <line num="127" count="15" type="cond" truecount="2" falsecount="0"/>
        <line num="128" count="6" type="stmt"/>
        <line num="134" count="15" type="cond" truecount="2" falsecount="0"/>
        <line num="135" count="2" type="stmt"/>
      </file>
    </package>
    <package name="src.utils">
      <metrics statements="12" coveredstatements="12" conditionals="9" coveredconditionals="9" methods="4" coveredmethods="4"/>
      <file name="is_empty.js" path="/Users/michaelhottman/pana/packages/necto/src/utils/is_empty.js">
        <metrics statements="11" coveredstatements="11" conditionals="6" coveredconditionals="6" methods="3" coveredmethods="3"/>
        <line num="3" count="3" type="stmt"/>
        <line num="4" count="40" type="stmt"/>
        <line num="5" count="40" type="stmt"/>
        <line num="6" count="40" type="stmt"/>
        <line num="7" count="40" type="stmt"/>
        <line num="8" count="40" type="stmt"/>
        <line num="11" count="3" type="stmt"/>
        <line num="12" count="47" type="cond" truecount="2" falsecount="0"/>
        <line num="14" count="3" type="stmt"/>
        <line num="16" count="47" type="cond" truecount="2" falsecount="0"/>
        <line num="17" count="40" type="cond" truecount="2" falsecount="0"/>
      </file>
      <file name="is_string.js" path="/Users/michaelhottman/pana/packages/necto/src/utils/is_string.js">
        <metrics statements="1" coveredstatements="1" conditionals="3" coveredconditionals="3" methods="1" coveredmethods="1"/>
        <line num="2" count="23" type="stmt"/>
      </file>
    </package>
    <package name="src.utils.create_flow">
      <metrics statements="24" coveredstatements="24" conditionals="25" coveredconditionals="25" methods="3" coveredmethods="3"/>
      <file name="index.js" path="/Users/michaelhottman/pana/packages/necto/src/utils/create_flow/index.js">
        <metrics statements="24" coveredstatements="24" conditionals="25" coveredconditionals="25" methods="3" coveredmethods="3"/>
        <line num="8" count="1" type="stmt"/>
        <line num="15" count="32" type="stmt"/>
        <line num="17" count="32" type="stmt"/>
        <line num="23" count="15" type="stmt"/>
        <line num="26" count="15" type="stmt"/>
        <line num="34" count="15" type="cond" truecount="2" falsecount="0"/>
        <line num="36" count="15" type="cond" truecount="2" falsecount="0"/>
        <line num="37" count="8" type="cond" truecount="2" falsecount="0"/>
        <line num="38" count="2" type="stmt"/>
        <line num="40" count="6" type="stmt"/>
        <line num="50" count="15" type="stmt"/>
        <line num="59" count="10" type="cond" truecount="4" falsecount="0"/>
        <line num="60" count="1" type="stmt"/>
        <line num="66" count="9" type="stmt"/>
        <line num="67" count="9" type="cond" truecount="2" falsecount="0"/>
        <line num="68" count="7" type="stmt"/>
        <line num="70" count="2" type="stmt"/>
        <line num="71" count="2" type="stmt"/>
        <line num="72" count="2" type="stmt"/>
        <line num="73" count="2" type="stmt"/>
        <line num="77" count="9" type="stmt"/>
        <line num="81" count="9" type="cond" truecount="2" falsecount="0"/>
        <line num="83" count="9" type="stmt"/>
        <line num="98" count="15" type="stmt"/>
      </file>
    </package>
  </project>
</coverage>
