{"/Users/michaelhottman/pana/packages/necto/src/default_options.js": {"path":"/Users/michaelhottman/pana/packages/necto/src/default_options.js","statementMap":{"0":{"start":{"line":1,"column":22},"end":{"line":3,"column":1}}},"fnMap":{"0":{"name":"(anonymous_0)","decl":{"start":{"line":1,"column":15},"end":{"line":1,"column":16}},"loc":{"start":{"line":1,"column":22},"end":{"line":3,"column":1}},"line":1}},"branchMap":{},"s":{"0":17},"f":{"0":17},"b":{},"_coverageSchema":"43e27e138ebf9cfc5966b082cf9a028302ed4184","hash":"be52357da60fee437d4b51d31fe59bde183377ee"}
,"/Users/michaelhottman/pana/packages/necto/src/necto.js": {"path":"/Users/michaelhottman/pana/packages/necto/src/necto.js","statementMap":{"0":{"start":{"line":12,"column":4},"end":{"line":12,"column":21}},"1":{"start":{"line":13,"column":4},"end":{"line":13,"column":54}},"2":{"start":{"line":15,"column":4},"end":{"line":15,"column":64}},"3":{"start":{"line":17,"column":4},"end":{"line":17,"column":73}},"4":{"start":{"line":18,"column":4},"end":{"line":18,"column":24}},"5":{"start":{"line":19,"column":4},"end":{"line":19,"column":22}},"6":{"start":{"line":20,"column":4},"end":{"line":20,"column":23}},"7":{"start":{"line":21,"column":4},"end":{"line":21,"column":20}},"8":{"start":{"line":23,"column":25},"end":{"line":23,"column":71}},"9":{"start":{"line":24,"column":4},"end":{"line":29,"column":5}},"10":{"start":{"line":26,"column":6},"end":{"line":28,"column":9}},"11":{"start":{"line":27,"column":8},"end":{"line":27,"column":36}},"12":{"start":{"line":34,"column":23},"end":{"line":34,"column":46}},"13":{"start":{"line":35,"column":17},"end":{"line":35,"column":45}},"14":{"start":{"line":36,"column":39},"end":{"line":36,"column":43}},"15":{"start":{"line":37,"column":4},"end":{"line":37,"column":32}},"16":{"start":{"line":38,"column":4},"end":{"line":38,"column":20}},"17":{"start":{"line":42,"column":17},"end":{"line":42,"column":45}},"18":{"start":{"line":43,"column":4},"end":{"line":45,"column":7}},"19":{"start":{"line":46,"column":4},"end":{"line":46,"column":16}},"20":{"start":{"line":50,"column":4},"end":{"line":54,"column":5}},"21":{"start":{"line":51,"column":6},"end":{"line":53,"column":8}},"22":{"start":{"line":56,"column":4},"end":{"line":60,"column":5}},"23":{"start":{"line":57,"column":6},"end":{"line":59,"column":8}},"24":{"start":{"line":62,"column":4},"end":{"line":64,"column":7}},"25":{"start":{"line":68,"column":16},"end":{"line":68,"column":18}},"26":{"start":{"line":69,"column":4},"end":{"line":72,"column":7}},"27":{"start":{"line":70,"column":23},"end":{"line":70,"column":45}},"28":{"start":{"line":71,"column":6},"end":{"line":71,"column":33}},"29":{"start":{"line":73,"column":4},"end":{"line":73,"column":22}},"30":{"start":{"line":77,"column":4},"end":{"line":79,"column":6}},"31":{"start":{"line":84,"column":4},"end":{"line":84,"column":31}},"32":{"start":{"line":89,"column":18},"end":{"line":89,"column":46}},"33":{"start":{"line":90,"column":4},"end":{"line":93,"column":6}},"34":{"start":{"line":96,"column":4},"end":{"line":96,"column":14}},"35":{"start":{"line":101,"column":16},"end":{"line":101,"column":54}},"36":{"start":{"line":102,"column":4},"end":{"line":102,"column":45}},"37":{"start":{"line":105,"column":4},"end":{"line":105,"column":14}},"38":{"start":{"line":113,"column":4},"end":{"line":118,"column":5}},"39":{"start":{"line":114,"column":6},"end":{"line":117,"column":8}},"40":{"start":{"line":120,"column":4},"end":{"line":125,"column":5}},"41":{"start":{"line":121,"column":6},"end":{"line":124,"column":8}},"42":{"start":{"line":127,"column":4},"end":{"line":132,"column":5}},"43":{"start":{"line":128,"column":6},"end":{"line":131,"column":8}},"44":{"start":{"line":134,"column":4},"end":{"line":139,"column":5}},"45":{"start":{"line":135,"column":6},"end":{"line":138,"column":8}}},"fnMap":{"0":{"name":"(anonymous_0)","decl":{"start":{"line":11,"column":2},"end":{"line":11,"column":3}},"loc":{"start":{"line":11,"column":30},"end":{"line":30,"column":3}},"line":11},"1":{"name":"(anonymous_1)","decl":{"start":{"line":26,"column":27},"end":{"line":26,"column":28}},"loc":{"start":{"line":26,"column":46},"end":{"line":28,"column":7}},"line":26},"2":{"name":"(anonymous_2)","decl":{"start":{"line":33,"column":2},"end":{"line":33,"column":3}},"loc":{"start":{"line":33,"column":22},"end":{"line":39,"column":3}},"line":33},"3":{"name":"(anonymous_3)","decl":{"start":{"line":41,"column":2},"end":{"line":41,"column":3}},"loc":{"start":{"line":41,"column":19},"end":{"line":47,"column":3}},"line":41},"4":{"name":"(anonymous_4)","decl":{"start":{"line":49,"column":2},"end":{"line":49,"column":3}},"loc":{"start":{"line":49,"column":34},"end":{"line":65,"column":3}},"line":49},"5":{"name":"(anonymous_5)","decl":{"start":{"line":67,"column":2},"end":{"line":67,"column":3}},"loc":{"start":{"line":67,"column":13},"end":{"line":74,"column":3}},"line":67},"6":{"name":"(anonymous_6)","decl":{"start":{"line":69,"column":36},"end":{"line":69,"column":37}},"loc":{"start":{"line":69,"column":44},"end":{"line":72,"column":5}},"line":69},"7":{"name":"(anonymous_7)","decl":{"start":{"line":76,"column":2},"end":{"line":76,"column":3}},"loc":{"start":{"line":76,"column":16},"end":{"line":80,"column":3}},"line":76},"8":{"name":"(anonymous_8)","decl":{"start":{"line":83,"column":2},"end":{"line":83,"column":3}},"loc":{"start":{"line":83,"column":27},"end":{"line":85,"column":3}},"line":83},"9":{"name":"(anonymous_9)","decl":{"start":{"line":88,"column":2},"end":{"line":88,"column":3}},"loc":{"start":{"line":88,"column":33},"end":{"line":94,"column":3}},"line":88},"10":{"name":"(anonymous_10)","decl":{"start":{"line":95,"column":2},"end":{"line":95,"column":3}},"loc":{"start":{"line":95,"column":20},"end":{"line":97,"column":3}},"line":95},"11":{"name":"(anonymous_11)","decl":{"start":{"line":100,"column":2},"end":{"line":100,"column":3}},"loc":{"start":{"line":100,"column":31},"end":{"line":103,"column":3}},"line":100},"12":{"name":"(anonymous_12)","decl":{"start":{"line":104,"column":2},"end":{"line":104,"column":3}},"loc":{"start":{"line":104,"column":30},"end":{"line":106,"column":3}},"line":104},"13":{"name":"(anonymous_13)","decl":{"start":{"line":112,"column":2},"end":{"line":112,"column":3}},"loc":{"start":{"line":112,"column":20},"end":{"line":140,"column":3}},"line":112}},"branchMap":{"0":{"loc":{"start":{"line":24,"column":4},"end":{"line":29,"column":5}},"type":"if","locations":[{"start":{"line":24,"column":4},"end":{"line":29,"column":5}},{"start":{"line":24,"column":4},"end":{"line":29,"column":5}}],"line":24},"1":{"loc":{"start":{"line":50,"column":4},"end":{"line":54,"column":5}},"type":"if","locations":[{"start":{"line":50,"column":4},"end":{"line":54,"column":5}},{"start":{"line":50,"column":4},"end":{"line":54,"column":5}}],"line":50},"2":{"loc":{"start":{"line":56,"column":4},"end":{"line":60,"column":5}},"type":"if","locations":[{"start":{"line":56,"column":4},"end":{"line":60,"column":5}},{"start":{"line":56,"column":4},"end":{"line":60,"column":5}}],"line":56},"3":{"loc":{"start":{"line":89,"column":18},"end":{"line":89,"column":46}},"type":"binary-expr","locations":[{"start":{"line":89,"column":18},"end":{"line":89,"column":40}},{"start":{"line":89,"column":44},"end":{"line":89,"column":46}}],"line":89},"4":{"loc":{"start":{"line":102,"column":11},"end":{"line":102,"column":44}},"type":"cond-expr","locations":[{"start":{"line":102,"column":34},"end":{"line":102,"column":39}},{"start":{"line":102,"column":42},"end":{"line":102,"column":44}}],"line":102},"5":{"loc":{"start":{"line":113,"column":4},"end":{"line":118,"column":5}},"type":"if","locations":[{"start":{"line":113,"column":4},"end":{"line":118,"column":5}},{"start":{"line":113,"column":4},"end":{"line":118,"column":5}}],"line":113},"6":{"loc":{"start":{"line":120,"column":4},"end":{"line":125,"column":5}},"type":"if","locations":[{"start":{"line":120,"column":4},"end":{"line":125,"column":5}},{"start":{"line":120,"column":4},"end":{"line":125,"column":5}}],"line":120},"7":{"loc":{"start":{"line":127,"column":4},"end":{"line":132,"column":5}},"type":"if","locations":[{"start":{"line":127,"column":4},"end":{"line":132,"column":5}},{"start":{"line":127,"column":4},"end":{"line":132,"column":5}}],"line":127},"8":{"loc":{"start":{"line":134,"column":4},"end":{"line":139,"column":5}},"type":"if","locations":[{"start":{"line":134,"column":4},"end":{"line":139,"column":5}},{"start":{"line":134,"column":4},"end":{"line":139,"column":5}}],"line":134}},"s":{"0":17,"1":17,"2":17,"3":17,"4":17,"5":17,"6":17,"7":17,"8":17,"9":17,"10":17,"11":0,"12":15,"13":15,"14":15,"15":15,"16":15,"17":0,"18":0,"19":0,"20":0,"21":0,"22":0,"23":0,"24":0,"25":0,"26":0,"27":0,"28":0,"29":0,"30":1,"31":17,"32":17,"33":17,"34":17,"35":17,"36":17,"37":16,"38":15,"39":15,"40":15,"41":15,"42":15,"43":6,"44":15,"45":2},"f":{"0":17,"1":0,"2":15,"3":0,"4":0,"5":0,"6":0,"7":1,"8":17,"9":17,"10":17,"11":17,"12":16,"13":15},"b":{"0":[17,0],"1":[0,0],"2":[0,0],"3":[17,0],"4":[17,0],"5":[15,0],"6":[15,0],"7":[6,9],"8":[2,13]},"_coverageSchema":"43e27e138ebf9cfc5966b082cf9a028302ed4184","hash":"63f79426dac2ad0514d08cae2640ee536eb847cc"}
,"/Users/michaelhottman/pana/packages/necto/src/utils/is_empty.js": {"path":"/Users/michaelhottman/pana/packages/necto/src/utils/is_empty.js","statementMap":{"0":{"start":{"line":3,"column":16},"end":{"line":9,"column":1}},"1":{"start":{"line":4,"column":17},"end":{"line":4,"column":33}},"2":{"start":{"line":5,"column":8},"end":{"line":5,"column":23}},"3":{"start":{"line":6,"column":15},"end":{"line":6,"column":27}},"4":{"start":{"line":7,"column":2},"end":{"line":7,"column":60}},"5":{"start":{"line":7,"column":14},"end":{"line":7,"column":60}},"6":{"start":{"line":8,"column":2},"end":{"line":8,"column":18}},"7":{"start":{"line":11,"column":28},"end":{"line":12,"column":51}},"8":{"start":{"line":12,"column":2},"end":{"line":12,"column":51}},"9":{"start":{"line":14,"column":16},"end":{"line":18,"column":1}},"10":{"start":{"line":16,"column":2},"end":{"line":16,"column":45}},"11":{"start":{"line":16,"column":33},"end":{"line":16,"column":45}},"12":{"start":{"line":17,"column":2},"end":{"line":17,"column":36}}},"fnMap":{"0":{"name":"(anonymous_0)","decl":{"start":{"line":3,"column":16},"end":{"line":3,"column":17}},"loc":{"start":{"line":3,"column":30},"end":{"line":9,"column":1}},"line":3},"1":{"name":"(anonymous_1)","decl":{"start":{"line":11,"column":28},"end":{"line":11,"column":29}},"loc":{"start":{"line":12,"column":2},"end":{"line":12,"column":51}},"line":12},"2":{"name":"(anonymous_2)","decl":{"start":{"line":14,"column":16},"end":{"line":14,"column":17}},"loc":{"start":{"line":14,"column":23},"end":{"line":18,"column":1}},"line":14}},"branchMap":{"0":{"loc":{"start":{"line":12,"column":28},"end":{"line":12,"column":37}},"type":"binary-expr","locations":[{"start":{"line":12,"column":28},"end":{"line":12,"column":31}},{"start":{"line":12,"column":35},"end":{"line":12,"column":37}}],"line":12},"1":{"loc":{"start":{"line":16,"column":2},"end":{"line":16,"column":45}},"type":"if","locations":[{"start":{"line":16,"column":2},"end":{"line":16,"column":45}},{"start":{"line":16,"column":2},"end":{"line":16,"column":45}}],"line":16},"2":{"loc":{"start":{"line":17,"column":18},"end":{"line":17,"column":27}},"type":"binary-expr","locations":[{"start":{"line":17,"column":18},"end":{"line":17,"column":21}},{"start":{"line":17,"column":25},"end":{"line":17,"column":27}}],"line":17}},"s":{"0":3,"1":40,"2":40,"3":40,"4":40,"5":29,"6":40,"7":3,"8":47,"9":3,"10":47,"11":7,"12":40},"f":{"0":40,"1":47,"2":47},"b":{"0":[47,10],"1":[7,40],"2":[40,10]},"_coverageSchema":"43e27e138ebf9cfc5966b082cf9a028302ed4184","hash":"d12d53563fa43a5d6e146af92158347563609d41"}
,"/Users/michaelhottman/pana/packages/necto/src/utils/is_string.js": {"path":"/Users/michaelhottman/pana/packages/necto/src/utils/is_string.js","statementMap":{"0":{"start":{"line":2,"column":2},"end":{"line":5,"column":4}}},"fnMap":{"0":{"name":"(anonymous_0)","decl":{"start":{"line":1,"column":15},"end":{"line":1,"column":16}},"loc":{"start":{"line":1,"column":21},"end":{"line":6,"column":1}},"line":1}},"branchMap":{"0":{"loc":{"start":{"line":3,"column":4},"end":{"line":4,"column":52}},"type":"binary-expr","locations":[{"start":{"line":3,"column":4},"end":{"line":3,"column":22}},{"start":{"line":4,"column":5},"end":{"line":4,"column":27}},{"start":{"line":4,"column":31},"end":{"line":4,"column":51}}],"line":3}},"s":{"0":23},"f":{"0":23},"b":{"0":[23,23,6]},"_coverageSchema":"43e27e138ebf9cfc5966b082cf9a028302ed4184","hash":"9c7318b766dcb555b1b7f8440f84f4dc2a59585d"}
,"/Users/michaelhottman/pana/packages/necto/src/utils/create_flow/index.js": {"path":"/Users/michaelhottman/pana/packages/necto/src/utils/create_flow/index.js","statementMap":{"0":{"start":{"line":8,"column":23},"end":{"line":11,"column":1}},"1":{"start":{"line":15,"column":19},"end":{"line":15,"column":37}},"2":{"start":{"line":17,"column":2},"end":{"line":115,"column":4}},"3":{"start":{"line":23,"column":20},"end":{"line":23,"column":72}},"4":{"start":{"line":26,"column":52},"end":{"line":30,"column":5}},"5":{"start":{"line":34,"column":24},"end":{"line":34,"column":68}},"6":{"start":{"line":36,"column":4},"end":{"line":42,"column":5}},"7":{"start":{"line":37,"column":6},"end":{"line":41,"column":7}},"8":{"start":{"line":38,"column":8},"end":{"line":38,"column":78}},"9":{"start":{"line":40,"column":8},"end":{"line":40,"column":38}},"10":{"start":{"line":50,"column":24},"end":{"line":96,"column":5}},"11":{"start":{"line":59,"column":6},"end":{"line":64,"column":7}},"12":{"start":{"line":60,"column":8},"end":{"line":63,"column":10}},"13":{"start":{"line":66,"column":17},"end":{"line":66,"column":34}},"14":{"start":{"line":67,"column":6},"end":{"line":74,"column":7}},"15":{"start":{"line":68,"column":8},"end":{"line":68,"column":34}},"16":{"start":{"line":70,"column":25},"end":{"line":70,"column":34}},"17":{"start":{"line":71,"column":8},"end":{"line":71,"column":21}},"18":{"start":{"line":72,"column":8},"end":{"line":72,"column":18}},"19":{"start":{"line":73,"column":8},"end":{"line":73,"column":27}},"20":{"start":{"line":77,"column":21},"end":{"line":79,"column":7}},"21":{"start":{"line":81,"column":6},"end":{"line":81,"column":58}},"22":{"start":{"line":81,"column":36},"end":{"line":81,"column":58}},"23":{"start":{"line":83,"column":6},"end":{"line":95,"column":9}},"24":{"start":{"line":98,"column":4},"end":{"line":114,"column":6}}},"fnMap":{"0":{"name":"(anonymous_0)","decl":{"start":{"line":13,"column":15},"end":{"line":13,"column":16}},"loc":{"start":{"line":13,"column":22},"end":{"line":116,"column":1}},"line":13},"1":{"name":"createFlow","decl":{"start":{"line":17,"column":18},"end":{"line":17,"column":28}},"loc":{"start":{"line":21,"column":4},"end":{"line":115,"column":3}},"line":21},"2":{"name":"bindAction","decl":{"start":{"line":50,"column":33},"end":{"line":50,"column":43}},"loc":{"start":{"line":58,"column":6},"end":{"line":96,"column":5}},"line":58}},"branchMap":{"0":{"loc":{"start":{"line":19,"column":4},"end":{"line":19,"column":30}},"type":"default-arg","locations":[{"start":{"line":19,"column":21},"end":{"line":19,"column":30}}],"line":19},"1":{"loc":{"start":{"line":20,"column":4},"end":{"line":20,"column":38}},"type":"default-arg","locations":[{"start":{"line":20,"column":24},"end":{"line":20,"column":38}}],"line":20},"2":{"loc":{"start":{"line":34,"column":24},"end":{"line":34,"column":68}},"type":"binary-expr","locations":[{"start":{"line":34,"column":24},"end":{"line":34,"column":38}},{"start":{"line":34,"column":42},"end":{"line":34,"column":68}}],"line":34},"3":{"loc":{"start":{"line":36,"column":4},"end":{"line":42,"column":5}},"type":"if","locations":[{"start":{"line":36,"column":4},"end":{"line":42,"column":5}},{"start":{"line":36,"column":4},"end":{"line":42,"column":5}}],"line":36},"4":{"loc":{"start":{"line":37,"column":6},"end":{"line":41,"column":7}},"type":"if","locations":[{"start":{"line":37,"column":6},"end":{"line":41,"column":7}},{"start":{"line":37,"column":6},"end":{"line":41,"column":7}}],"line":37},"5":{"loc":{"start":{"line":51,"column":6},"end":{"line":55,"column":7}},"type":"default-arg","locations":[{"start":{"line":51,"column":20},"end":{"line":55,"column":7}}],"line":51},"6":{"loc":{"start":{"line":56,"column":6},"end":{"line":56,"column":18}},"type":"default-arg","locations":[{"start":{"line":56,"column":16},"end":{"line":56,"column":18}}],"line":56},"7":{"loc":{"start":{"line":57,"column":6},"end":{"line":57,"column":15}},"type":"default-arg","locations":[{"start":{"line":57,"column":13},"end":{"line":57,"column":15}}],"line":57},"8":{"loc":{"start":{"line":59,"column":6},"end":{"line":64,"column":7}},"type":"if","locations":[{"start":{"line":59,"column":6},"end":{"line":64,"column":7}},{"start":{"line":59,"column":6},"end":{"line":64,"column":7}}],"line":59},"9":{"loc":{"start":{"line":59,"column":10},"end":{"line":59,"column":72}},"type":"binary-expr","locations":[{"start":{"line":59,"column":10},"end":{"line":59,"column":37}},{"start":{"line":59,"column":41},"end":{"line":59,"column":72}}],"line":59},"10":{"loc":{"start":{"line":67,"column":6},"end":{"line":74,"column":7}},"type":"if","locations":[{"start":{"line":67,"column":6},"end":{"line":74,"column":7}},{"start":{"line":67,"column":6},"end":{"line":74,"column":7}}],"line":67},"11":{"loc":{"start":{"line":81,"column":6},"end":{"line":81,"column":58}},"type":"if","locations":[{"start":{"line":81,"column":6},"end":{"line":81,"column":58}},{"start":{"line":81,"column":6},"end":{"line":81,"column":58}}],"line":81},"12":{"loc":{"start":{"line":93,"column":21},"end":{"line":93,"column":71}},"type":"binary-expr","locations":[{"start":{"line":93,"column":21},"end":{"line":93,"column":32}},{"start":{"line":93,"column":36},"end":{"line":93,"column":71}}],"line":93},"13":{"loc":{"start":{"line":111,"column":17},"end":{"line":111,"column":63}},"type":"binary-expr","locations":[{"start":{"line":111,"column":17},"end":{"line":111,"column":29}},{"start":{"line":111,"column":33},"end":{"line":111,"column":63}}],"line":111},"14":{"loc":{"start":{"line":112,"column":14},"end":{"line":112,"column":54}},"type":"binary-expr","locations":[{"start":{"line":112,"column":14},"end":{"line":112,"column":23}},{"start":{"line":112,"column":27},"end":{"line":112,"column":54}}],"line":112}},"s":{"0":1,"1":32,"2":32,"3":15,"4":15,"5":15,"6":15,"7":8,"8":2,"9":6,"10":15,"11":10,"12":1,"13":9,"14":9,"15":7,"16":2,"17":2,"18":2,"19":2,"20":9,"21":9,"22":1,"23":9,"24":15},"f":{"0":32,"1":15,"2":10},"b":{"0":[7],"1":[12],"2":[15,8],"3":[8,7],"4":[2,6],"5":[2],"6":[7],"7":[9],"8":[1,9],"9":[10,7],"10":[7,2],"11":[1,8],"12":[9,6],"13":[15,6],"14":[15,2]},"_coverageSchema":"43e27e138ebf9cfc5966b082cf9a028302ed4184","hash":"d90dca6cf836c65a1cf88ebd861cba13d010d5be"}
}
