TN:
SF:/Users/michaelhottman/pana/packages/necto/src/default_options.js
FN:1,(anonymous_0)
FNF:1
FNH:1
FNDA:17,(anonymous_0)
DA:1,17
LF:1
LH:1
BRF:0
BRH:0
end_of_record
TN:
SF:/Users/michaelhottman/pana/packages/necto/src/necto.js
FN:11,(anonymous_0)
FN:26,(anonymous_1)
FN:33,(anonymous_2)
FN:41,(anonymous_3)
FN:49,(anonymous_4)
FN:67,(anonymous_5)
FN:69,(anonymous_6)
FN:76,(anonymous_7)
FN:83,(anonymous_8)
FN:88,(anonymous_9)
FN:95,(anonymous_10)
FN:100,(anonymous_11)
FN:104,(anonymous_12)
FN:112,(anonymous_13)
FNF:14
FNH:9
FNDA:17,(anonymous_0)
FNDA:0,(anonymous_1)
FNDA:15,(anonymous_2)
FNDA:0,(anonymous_3)
FNDA:0,(anonymous_4)
FNDA:0,(anonymous_5)
FNDA:0,(anonymous_6)
FNDA:1,(anonymous_7)
FNDA:17,(anonymous_8)
FNDA:17,(anonymous_9)
FNDA:17,(anonymous_10)
FNDA:17,(anonymous_11)
FNDA:16,(anonymous_12)
FNDA:15,(anonymous_13)
DA:12,17
DA:13,17
DA:15,17
DA:17,17
DA:18,17
DA:19,17
DA:20,17
DA:21,17
DA:23,17
DA:24,17
DA:26,17
DA:27,0
DA:34,15
DA:35,15
DA:36,15
DA:37,15
DA:38,15
DA:42,0
DA:43,0
DA:46,0
DA:50,0
DA:51,0
DA:56,0
DA:57,0
DA:62,0
DA:68,0
DA:69,0
DA:70,0
DA:71,0
DA:73,0
DA:77,1
DA:84,17
DA:89,17
DA:90,17
DA:96,17
DA:101,17
DA:102,17
DA:105,16
DA:113,15
DA:114,15
DA:120,15
DA:121,15
DA:127,15
DA:128,6
DA:134,15
DA:135,2
LF:46
LH:32
BRDA:24,0,0,17
BRDA:24,0,1,0
BRDA:50,1,0,0
BRDA:50,1,1,0
BRDA:56,2,0,0
BRDA:56,2,1,0
BRDA:89,3,0,17
BRDA:89,3,1,0
BRDA:102,4,0,17
BRDA:102,4,1,0
BRDA:113,5,0,15
BRDA:113,5,1,0
BRDA:120,6,0,15
BRDA:120,6,1,0
BRDA:127,7,0,6
BRDA:127,7,1,9
BRDA:134,8,0,2
BRDA:134,8,1,13
BRF:18
BRH:9
end_of_record
TN:
SF:/Users/michaelhottman/pana/packages/necto/src/utils/is_empty.js
FN:3,(anonymous_0)
FN:11,(anonymous_1)
FN:14,(anonymous_2)
FNF:3
FNH:3
FNDA:40,(anonymous_0)
FNDA:47,(anonymous_1)
FNDA:47,(anonymous_2)
DA:3,3
DA:4,40
DA:5,40
DA:6,40
DA:7,40
DA:8,40
DA:11,3
DA:12,47
DA:14,3
DA:16,47
DA:17,40
LF:11
LH:11
BRDA:12,0,0,47
BRDA:12,0,1,10
BRDA:16,1,0,7
BRDA:16,1,1,40
BRDA:17,2,0,40
BRDA:17,2,1,10
BRF:6
BRH:6
end_of_record
TN:
SF:/Users/michaelhottman/pana/packages/necto/src/utils/is_string.js
FN:1,(anonymous_0)
FNF:1
FNH:1
FNDA:23,(anonymous_0)
DA:2,23
LF:1
LH:1
BRDA:3,0,0,23
BRDA:3,0,1,23
BRDA:3,0,2,6
BRF:3
BRH:3
end_of_record
TN:
SF:/Users/michaelhottman/pana/packages/necto/src/utils/create_flow/index.js
FN:13,(anonymous_0)
FN:17,createFlow
FN:50,bindAction
FNF:3
FNH:3
FNDA:32,(anonymous_0)
FNDA:15,createFlow
FNDA:10,bindAction
DA:8,1
DA:15,32
DA:17,32
DA:23,15
DA:26,15
DA:34,15
DA:36,15
DA:37,8
DA:38,2
DA:40,6
DA:50,15
DA:59,10
DA:60,1
DA:66,9
DA:67,9
DA:68,7
DA:70,2
DA:71,2
DA:72,2
DA:73,2
DA:77,9
DA:81,9
DA:83,9
DA:98,15
LF:24
LH:24
BRDA:19,0,0,7
BRDA:20,1,0,12
BRDA:34,2,0,15
BRDA:34,2,1,8
BRDA:36,3,0,8
BRDA:36,3,1,7
BRDA:37,4,0,2
BRDA:37,4,1,6
BRDA:51,5,0,2
BRDA:56,6,0,7
BRDA:57,7,0,9
BRDA:59,8,0,1
BRDA:59,8,1,9
BRDA:59,9,0,10
BRDA:59,9,1,7
BRDA:67,10,0,7
BRDA:67,10,1,2
BRDA:81,11,0,1
BRDA:81,11,1,8
BRDA:93,12,0,9
BRDA:93,12,1,6
BRDA:111,13,0,15
BRDA:111,13,1,6
BRDA:112,14,0,15
BRDA:112,14,1,2
BRF:25
BRH:25
end_of_record
